BUILD: Computing Include file dependencies:
BUILD: Examining c:\ollybone\driver directory for files to compile.
Compiling c:\ollybone\driver directory ********************
'nmake.exe /c BUILDMSG=Stop. -i NTTEST= UMTEST= NOLINK=1 NOPASS0=1 386=1'
cl -nologo -Ii386\ -I. -Iobjfre_w2k\i386 -IC:\WINDDK\2600\inc\w2k -IC:\WINDDK\2600\inc\w2k -IC:\WINDDK\2600\inc\ddk\w2k -IC:\WINDDK\2600\inc\ddk\wdm\w2k -IC:\WINDDK\2600\inc\crt -D_X86_=1 -Di386=1  -DSTD_CALL -DCONDITION_HANDLING=1 -DNT_UP=1  -DNT_INST=0 -DWIN32=100 -D_NT1X_=100 -DWINNT=1 -D_WIN32_WINNT=0x0501 /DWINVER=0x0501 -D_WIN32_IE=0x0600    -DWIN32_LEAN_AND_MEAN=1 -DDEVL=1 -D__BUILDMACHINE__=Administrator -DFPO=1  -DNDEBUG -D_DLL=1      /c /Zel /Zp8 /Gy -cbstring /W3 /WX /Gz  /QIfdiv- /QIf /G6 /Gi- /Gm- /GX-  /GR- /GF  -Z7 /Oxs /Oy   -FIC:\WINDDK\2600\inc\w2k\warning.h   .\ollybone.c
ollybone.c
cl -nologo -Ii386\ -I. -Iobjfre_w2k\i386 -IC:\WINDDK\2600\inc\w2k -IC:\WINDDK\2600\inc\w2k -IC:\WINDDK\2600\inc\ddk\w2k -IC:\WINDDK\2600\inc\ddk\wdm\w2k -IC:\WINDDK\2600\inc\crt -D_X86_=1 -Di386=1  -DSTD_CALL -DCONDITION_HANDLING=1 -DNT_UP=1  -DNT_INST=0 -DWIN32=100 -D_NT1X_=100 -DWINNT=1 -D_WIN32_WINNT=0x0501 /DWINVER=0x0501 -D_WIN32_IE=0x0600    -DWIN32_LEAN_AND_MEAN=1 -DDEVL=1 -D__BUILDMACHINE__=Administrator -DFPO=1  -DNDEBUG -D_DLL=1      /c /Zel /Zp8 /Gy -cbstring /W3 /WX /Gz  /QIfdiv- /QIf /G6 /Gi- /Gm- /GX-  /GR- /GF  -Z7 /Oxs /Oy   -FIC:\WINDDK\2600\inc\w2k\warning.h   .\multicpu.c
multicpu.c

Stop.
Linking c:\ollybone\driver directory ********************
'nmake.exe /c BUILDMSG=Stop. -i LINKONLY=1 NOPASS0=1 NTTEST= UMTEST= 386=1'
	link -out:..\i386\ollybone.sys -machine:ix86 @C:\DOCUME~1\ADMINI~1\LOCALS~1\Temp\nma01368.
Microsoft (R) Incremental Linker Version 7.00.9210
Copyright (C) Microsoft Corporation.  All rights reserved.

-MERGE:_PAGE=PAGE 
-MERGE:_TEXT=.text 
-SECTION:INIT,d 
-OPT:REF 
-OPT:ICF 
-IGNORE:4010,4037,4039,4065,4070,4078,4087,4089,4198,4221 
-INCREMENTAL:NO 
-FULLBUILD 
/release 
-NODEFAULTLIB 
/WX 
-debug:FULL 
-debugtype:cv 
-version:5.1 
-osversion:5.1 
/opt:nowin98 
-STACK:0x40000,0x1000 
-driver 
-base:0x10000 
-align:0x80 
-subsystem:native,5.1 
-entry:DriverEntry@8 
-out:..\i386\ollybone.sys 
objfre_w2k\i386\ollybone.obj 
objfre_w2k\i386\multicpu.obj 
C:\WINDDK\2600\lib\w2k\i386\ntoskrnl.lib 
C:\WINDDK\2600\lib\w2k\i386\hal.lib 
C:\WINDDK\2600\lib\w2k\i386\wmilib.lib 
Skip Binplace:

Stop.
